11.00.54	正常	设备1 CRC = 0x73921c30
11.00.55	警告	设备1 写入Bin文件超时-1！ 
11.00.55	警告	设备1 程序下载失败 
11.01.03	正常	设备1 继续下载失败的bin文件！ 
11.01.16	正常	设备1 程序下载成功 
11.41.10	正常	设备1 CRC = 0x73921c30
11.41.12	警告	设备1 写入Bin文件超时-1！ 
11.41.12	警告	设备1 程序下载失败 
11.42.02	正常	设备1 继续下载失败的bin文件！ 
11.42.15	正常	设备1 程序下载成功 
20.49.36	正常	设备1 CRC = 0xa27fab28
20.49.50	正常	设备1 程序下载成功 
21.31.27	正常	设备1 CRC = 0x8a6b4fd4
21.31.40	正常	设备1 程序下载成功 
21.37.12	正常	设备1 CRC = 0xd178852b
21.37.25	正常	设备1 程序下载成功 
21.40.37	正常	设备1 CRC = 0xecc29f99
21.40.50	正常	设备1 程序下载成功 
21.43.49	正常	设备1 CRC = 0x32b4ad56
21.44.02	正常	设备1 程序下载成功 
21.45.44	正常	设备1 CRC = 0xc1d23741
21.45.57	正常	设备1 程序下载成功 
21.49.37	正常	设备1 CRC = 0x76320cbc
21.49.50	正常	设备1 程序下载成功 
21.51.59	正常	设备1 CRC = 0x34c03c43
21.52.12	正常	设备1 程序下载成功 
