14.20.50	正常	设备1 CRC = 0xb168e4aa
14.20.51	错误	设备1 downImage复位失败!!
14.20.51	警告	设备1 程序下载失败 
14.21.16	正常	设备1 继续下载失败的bin文件！ 
14.21.17	错误	设备1 downImage复位失败!!
14.21.17	警告	设备1 程序下载失败 
14.21.46	正常	设备1 继续下载失败的bin文件！ 
14.21.46	错误	设备1 downImage复位失败!!
14.21.46	警告	设备1 程序下载失败 
14.21.55	正常	设备1 继续下载失败的bin文件！ 
14.21.55	错误	设备1 downImage复位失败!!
14.21.55	警告	设备1 程序下载失败 
14.55.46	正常	设备1 继续下载失败的bin文件！ 
14.55.59	正常	设备1 程序下载成功 
15.46.45	正常	设备1 CRC = 0xec49b476
15.46.58	正常	设备1 程序下载成功 
15.54.58	正常	设备1 CRC = 0xafceb0d0
15.55.10	正常	设备1 程序下载成功 
16.07.38	正常	设备1 CRC = 0xafceb0d0
16.07.46	警告	设备1 写入Bin文件超时-1！ 
16.07.46	警告	设备1 程序下载失败 
16.07.48	错误	设备1 Vpp关闭操作超时！
16.07.57	正常	设备1 继续下载失败的bin文件！ 
16.08.10	正常	设备1 程序下载成功 
16.10.18	正常	设备1 CRC = 0xafceb0d0
16.10.19	错误	设备1 downImage复位失败!!
16.10.19	警告	设备1 程序下载失败 
16.10.23	正常	设备1 继续下载失败的bin文件！ 
16.10.24	错误	设备1 downImage复位失败!!
16.10.24	警告	设备1 程序下载失败 
16.10.31	正常	设备1 继续下载失败的bin文件！ 
16.10.32	错误	设备1 downImage复位失败!!
16.10.32	警告	设备1 程序下载失败 
16.10.51	正常	设备1 继续下载失败的bin文件！ 
16.10.52	错误	设备1 downImage复位失败!!
16.10.52	警告	设备1 程序下载失败 
16.10.58	正常	设备1 继续下载失败的bin文件！ 
16.11.03	警告	设备1 写入Bin文件超时-1！ 
16.11.03	警告	设备1 程序下载失败 
16.11.08	正常	设备1 继续下载失败的bin文件！ 
16.11.21	正常	设备1 程序下载成功 
16.38.22	正常	设备1 CRC = 0xafceb0d0
16.38.35	正常	设备1 程序下载成功 
17.39.11	正常	设备1 CRC = 0xcc1433ef
17.39.24	正常	设备1 程序下载成功 
17.41.50	正常	设备1 CRC = 0x512d0bae
17.42.04	正常	设备1 程序下载成功 
17.45.42	正常	设备1 CRC = 0x43a4346a
17.45.55	正常	设备1 程序下载成功 
17.55.36	正常	设备1 CRC = 0x21bc1889
17.55.49	正常	设备1 程序下载成功 
17.58.42	正常	设备1 CRC = 0x3441977c
17.58.54	正常	设备1 程序下载成功 
18.04.09	正常	设备1 CRC = 0xc2e53cac
18.04.22	正常	设备1 程序下载成功 
18.07.31	正常	设备1 CRC = 0x0b6f50fd
18.07.44	正常	设备1 程序下载成功 
18.09.42	正常	设备1 CRC = 0x1a4a3444
18.09.55	正常	设备1 程序下载成功 
18.11.47	正常	设备1 CRC = 0x0ad4f170
18.12.00	正常	设备1 程序下载成功 
18.14.44	正常	设备1 CRC = 0x1c3f5562
18.14.56	正常	设备1 程序下载成功 
19.12.07	正常	设备1 CRC = 0x98ee0b67
19.12.20	正常	设备1 程序下载成功 
19.14.28	正常	设备1 CRC = 0x1c3f5562
19.14.41	正常	设备1 程序下载成功 
19.15.34	正常	设备1 CRC = 0x18d6395e
19.15.47	正常	设备1 程序下载成功 
19.18.32	正常	设备1 CRC = 0x4d7a4cd5
19.18.45	正常	设备1 程序下载成功 
19.22.49	正常	设备1 CRC = 0xd5065097
19.23.02	正常	设备1 程序下载成功 
19.24.01	正常	设备1 CRC = 0x01b961b7
19.24.14	正常	设备1 程序下载成功 
19.29.33	正常	设备1 CRC = 0xc26e81fe
19.29.45	正常	设备1 程序下载成功 
20.22.40	正常	设备1 CRC = 0x251a6d44
20.22.52	正常	设备1 程序下载成功 
