11.21.10	正常	设备1 CRC = 0xfde0c011
11.21.27	正常	设备1 程序下载成功 
11.25.17	正常	设备1 CRC = 0x5fec5a57
11.25.18	错误	设备1 downImage复位失败!!
11.25.18	警告	设备1 程序下载失败 
11.25.19	正常	设备1 继续下载失败的bin文件！ 
11.25.20	错误	设备1 downImage复位失败!!
11.25.20	警告	设备1 程序下载失败 
11.25.28	正常	设备1 继续下载失败的bin文件！ 
11.25.44	正常	设备1 程序下载成功 
11.30.58	正常	设备1 CRC = 0x0674af58
11.30.59	错误	设备1 downImage复位失败!!
11.30.59	警告	设备1 程序下载失败 
11.31.05	正常	设备1 继续下载失败的bin文件！ 
11.31.22	正常	设备1 程序下载成功 
11.45.05	正常	设备1 CRC = 0x32570439
11.45.05	错误	设备1 downImage复位失败!!
11.45.05	警告	设备1 程序下载失败 
11.45.15	正常	设备1 继续下载失败的bin文件！ 
11.45.32	正常	设备1 程序下载成功 
14.22.17	正常	设备1 CRC = 0xfa51dc7d
14.22.17	错误	设备1 downImage复位失败!!
14.22.17	警告	设备1 程序下载失败 
14.22.25	正常	设备1 继续下载失败的bin文件！ 
14.22.25	错误	设备1 downImage复位失败!!
14.22.25	警告	设备1 程序下载失败 
14.22.34	正常	设备1 继续下载失败的bin文件！ 
14.22.41	正常	设备1 程序下载成功 
