14.25.07	正常	设备1 CRC = 0xeb7f72e3
14.25.20	正常	设备1 程序下载成功 
14.52.38	正常	设备1 CRC = 0x7908c876
14.52.51	正常	设备1 程序下载成功 
14.53.36	正常	设备1 CRC = 0x57139f0a
14.53.49	正常	设备1 程序下载成功 
14.56.47	正常	设备1 CRC = 0xd8427260
14.57.00	正常	设备1 程序下载成功 
14.58.31	正常	设备1 CRC = 0xdf8d970f
14.58.44	正常	设备1 程序下载成功 
15.10.07	正常	设备1 CRC = 0xcbac0c84
15.10.20	正常	设备1 程序下载成功 
15.10.35	正常	设备1 CRC = 0xcbac0c84
15.10.48	正常	设备1 程序下载成功 
15.13.51	正常	设备1 CRC = 0xd7ecfde7
15.14.04	正常	设备1 程序下载成功 
15.15.23	正常	设备1 CRC = 0x68f873e3
15.15.36	正常	设备1 程序下载成功 
15.17.38	正常	设备1 CRC = 0x55326a9f
15.17.51	正常	设备1 程序下载成功 
15.19.38	正常	设备1 CRC = 0xf66615f8
15.19.51	正常	设备1 程序下载成功 
15.21.39	正常	设备1 CRC = 0x59330377
15.21.52	正常	设备1 程序下载成功 
15.25.27	正常	设备1 CRC = 0xa8fb94bd
15.25.40	正常	设备1 程序下载成功 
15.26.56	正常	设备1 CRC = 0x7f68fd9a
15.27.09	正常	设备1 程序下载成功 
15.29.14	正常	设备1 CRC = 0x480d023b
15.29.27	正常	设备1 程序下载成功 
15.30.07	正常	设备1 CRC = 0x896b644e
15.30.20	正常	设备1 程序下载成功 
15.35.30	正常	设备1 CRC = 0xc5e1edb7
15.35.43	正常	设备1 程序下载成功 
15.37.23	正常	设备1 CRC = 0xde622ee0
15.37.36	正常	设备1 程序下载成功 
15.39.23	正常	设备1 CRC = 0x6843ff8a
15.39.36	正常	设备1 程序下载成功 
15.41.05	正常	设备1 CRC = 0xf3b023c4
15.41.18	正常	设备1 程序下载成功 
15.51.29	正常	设备1 CRC = 0x862415b5
15.51.42	正常	设备1 程序下载成功 
15.53.41	正常	设备1 CRC = 0x862415b5
15.53.54	正常	设备1 程序下载成功 
15.54.41	正常	设备1 CRC = 0x3018810d
15.54.54	正常	设备1 程序下载成功 
15.55.52	正常	设备1 CRC = 0x7775d02f
15.56.05	正常	设备1 程序下载成功 
15.57.46	正常	设备1 CRC = 0x7775d02f
15.57.59	正常	设备1 程序下载成功 
16.01.10	正常	设备1 CRC = 0x6473c235
16.01.23	正常	设备1 程序下载成功 
16.03.35	正常	设备1 CRC = 0x6473c235
16.03.48	正常	设备1 程序下载成功 
16.22.28	正常	设备1 CRC = 0x9ce35a31
16.22.41	正常	设备1 程序下载成功 
16.57.11	正常	设备1 CRC = 0x9ce35a31
16.57.24	正常	设备1 程序下载成功 
16.57.53	正常	设备1 CRC = 0x9ce35a31
16.58.06	正常	设备1 程序下载成功 
17.03.22	正常	设备1 CRC = 0x9ce35a31
17.03.35	正常	设备1 程序下载成功 
17.05.18	正常	设备1 CRC = 0x32ce3b2c
17.05.31	正常	设备1 程序下载成功 
17.09.59	正常	设备1 CRC = 0x94d78e4a
17.10.12	正常	设备1 程序下载成功 
17.11.01	正常	设备1 CRC = 0x94d78e4a
17.11.14	正常	设备1 程序下载成功 
17.11.58	正常	设备1 CRC = 0x17c44bd2
17.12.11	正常	设备1 程序下载成功 
17.12.27	正常	设备1 CRC = 0x17c44bd2
17.12.41	正常	设备1 程序下载成功 
17.27.18	正常	设备1 CRC = 0x85872121
17.27.31	正常	设备1 程序下载成功 
17.27.47	正常	设备1 CRC = 0x85872121
17.28.00	正常	设备1 程序下载成功 
17.33.38	正常	设备1 CRC = 0x5bcb1ded
17.33.51	正常	设备1 程序下载成功 
17.39.17	正常	设备1 CRC = 0x5437f03c
17.39.30	正常	设备1 程序下载成功 
17.39.39	正常	设备1 CRC = 0x7d67b5c1
17.39.52	正常	设备1 程序下载成功 
17.45.19	正常	设备1 CRC = 0x7d67b5c1
17.45.32	正常	设备1 程序下载成功 
17.48.53	正常	设备1 CRC = 0x6fda9c3e
17.49.06	正常	设备1 程序下载成功 
17.50.06	正常	设备1 CRC = 0x2ddf2668
17.50.19	正常	设备1 程序下载成功 
17.51.18	正常	设备1 CRC = 0x12093d12
17.51.31	正常	设备1 程序下载成功 
17.52.24	正常	设备1 CRC = 0xd4a2127b
17.52.37	正常	设备1 程序下载成功 
17.53.34	正常	设备1 CRC = 0x12093d12
17.53.47	正常	设备1 程序下载成功 
17.57.07	正常	设备1 CRC = 0x12093d12
17.57.20	正常	设备1 程序下载成功 
17.59.17	正常	设备1 CRC = 0x9a46895f
17.59.30	正常	设备1 程序下载成功 
18.06.21	正常	设备1 CRC = 0x532e37d8
18.06.34	正常	设备1 程序下载成功 
18.07.43	正常	设备1 CRC = 0x532e37d8
18.07.56	正常	设备1 程序下载成功 
18.36.15	正常	设备1 CRC = 0x12093d12
18.36.27	警告	设备1 写入Bin文件超时-1！ 
18.36.27	警告	设备1 程序下载失败 
18.36.33	正常	设备1 继续下载失败的bin文件！ 
18.36.46	正常	设备1 程序下载成功 
19.26.18	正常	设备1 CRC = 0x12093d12
19.26.32	正常	设备1 程序下载成功 
19.34.43	正常	设备1 CRC = 0x12093d12
19.34.56	正常	设备1 程序下载成功 
19.43.59	正常	设备1 CRC = 0xa463f4bd
19.44.12	正常	设备1 程序下载成功 
19.45.49	正常	设备1 CRC = 0xff12ae34
19.46.02	正常	设备1 程序下载成功 
19.46.42	正常	设备1 CRC = 0x61f0abfb
19.46.55	正常	设备1 程序下载成功 
19.47.22	正常	设备1 CRC = 0x6a65b1ff
19.47.35	正常	设备1 程序下载成功 
19.48.10	正常	设备1 CRC = 0x6a65b1ff
19.48.23	正常	设备1 程序下载成功 
19.49.14	正常	设备1 CRC = 0x12093d12
19.49.27	正常	设备1 程序下载成功 
19.55.31	正常	设备1 CRC = 0xc137d3d6
19.55.44	正常	设备1 程序下载成功 
19.56.35	正常	设备1 CRC = 0xc137d3d6
19.56.48	正常	设备1 程序下载成功 
20.19.21	正常	设备1 CRC = 0xe4ed0540
20.19.34	正常	设备1 程序下载成功 
21.02.45	正常	设备1 CRC = 0x689aef77
21.02.58	正常	设备1 程序下载成功 
21.05.54	正常	设备1 CRC = 0x857cafaf
21.06.07	正常	设备1 程序下载成功 
21.13.16	正常	设备1 CRC = 0xf9924203
21.13.29	正常	设备1 程序下载成功 
21.19.36	正常	设备1 CRC = 0x82b854ba
21.19.49	正常	设备1 程序下载成功 
21.30.26	正常	设备1 CRC = 0x1a8e7473
21.30.39	正常	设备1 程序下载成功 
21.46.17	正常	设备1 CRC = 0x9ee124a1
21.46.30	正常	设备1 程序下载成功 
21.47.30	正常	设备1 CRC = 0xa0e298df
21.47.43	正常	设备1 程序下载成功 
21.50.26	正常	设备1 CRC = 0x9ee124a1
21.50.39	正常	设备1 程序下载成功 
21.52.06	正常	设备1 CRC = 0xc3e93d96
21.52.19	正常	设备1 程序下载成功 
21.54.00	正常	设备1 CRC = 0x3247dc00
21.54.13	正常	设备1 程序下载成功 
21.55.44	正常	设备1 CRC = 0x36f4c437
21.55.57	正常	设备1 程序下载成功 
21.57.32	正常	设备1 CRC = 0x4b4f9bc5
21.57.45	正常	设备1 程序下载成功 
22.00.38	正常	设备1 CRC = 0x71c106b3
22.00.51	正常	设备1 程序下载成功 
