10.51.20	正常	设备1 CRC = 0x58d7bb6b
10.51.41	正常	设备1 程序下载成功 
11.03.47	正常	设备1 CRC = 0xcc44af7a
11.03.48	错误	设备1 downImage复位失败!!
11.03.48	警告	设备1 程序下载失败 
11.03.58	正常	设备1 CRC = 0xcc44af7a
11.04.18	正常	设备1 程序下载成功 
14.30.05	正常	设备1 CRC = 0x5c379eef
14.30.26	正常	设备1 程序下载成功 
21.33.28	正常	设备1 CRC = 0xb222d126
21.33.49	正常	设备1 程序下载成功 
21.33.59	正常	设备1 CRC = 0xb222d126
21.34.00	错误	设备1 downImage复位失败!!
21.34.00	警告	设备1 程序下载失败 
21.34.05	正常	设备1 继续下载失败的bin文件！ 
21.34.06	错误	设备1 downImage复位失败!!
21.34.06	警告	设备1 程序下载失败 
21.34.16	正常	设备1 继续下载失败的bin文件！ 
21.34.16	错误	设备1 downImage复位失败!!
21.34.16	警告	设备1 程序下载失败 
21.34.43	正常	设备1 继续下载失败的bin文件！ 
21.34.44	错误	设备1 downImage复位失败!!
21.34.44	警告	设备1 程序下载失败 
21.34.58	正常	设备1 继续下载失败的bin文件！ 
21.34.58	错误	设备1 downImage复位失败!!
21.34.58	警告	设备1 程序下载失败 
21.35.05	正常	设备1 继续下载失败的bin文件！ 
21.35.06	错误	设备1 downImage复位失败!!
21.35.06	警告	设备1 程序下载失败 
