10.40.29	正常	设备1 CRC = 0xf4b3fb90
10.40.29	错误	设备1 downImage复位失败!!
10.40.29	警告	设备1 程序下载失败 
10.40.36	正常	设备1 继续下载失败的bin文件！ 
10.40.36	错误	设备1 downImage复位失败!!
10.40.36	警告	设备1 程序下载失败 
10.42.22	正常	设备1 继续下载失败的bin文件！ 
10.42.23	错误	设备1 downImage复位失败!!
10.42.23	警告	设备1 程序下载失败 
10.42.55	正常	设备1 继续下载失败的bin文件！ 
10.42.56	错误	设备1 downImage复位失败!!
10.42.56	警告	设备1 程序下载失败 
10.43.25	正常	设备1 继续下载失败的bin文件！ 
10.43.37	正常	设备1 程序下载成功 
10.47.36	正常	设备1 CRC = 0x8701df89
10.47.49	正常	设备1 程序下载成功 
10.58.53	正常	设备1 CRC = 0x8372b2e5
10.59.06	正常	设备1 程序下载成功 
10.59.11	正常	设备1 CRC = 0x8701df89
10.59.24	正常	设备1 程序下载成功 
11.07.56	正常	设备1 CRC = 0xc282c66c
11.08.09	正常	设备1 程序下载成功 
11.10.39	正常	设备1 CRC = 0xc282c66c
11.10.52	正常	设备1 程序下载成功 
11.56.43	正常	设备1 CRC = 0xc282c66c
11.56.56	正常	设备1 程序下载成功 
14.47.22	正常	设备1 CRC = 0x8372b2e5
14.47.35	正常	设备1 程序下载成功 
15.10.29	正常	设备1 CRC = 0x8372b2e5
15.10.42	正常	设备1 程序下载成功 
16.09.01	正常	设备1 CRC = 0x9e3594af
16.09.01	错误	设备1 downImage复位失败!!
16.09.01	警告	设备1 程序下载失败 
16.09.21	正常	设备1 继续下载失败的bin文件！ 
16.09.34	正常	设备1 程序下载成功 
16.11.46	正常	设备1 CRC = 0x4f6ab93b
16.11.59	正常	设备1 程序下载成功 
17.13.32	正常	设备1 CRC = 0xf45cb9bb
17.13.53	正常	设备1 程序下载成功 
20.54.16	正常	设备1 CRC = 0xf9a5714c
20.54.35	正常	设备1 程序下载成功 
