11.28.35	正常	设备1 CRC = 0x317c955d
11.28.48	正常	设备1 程序下载成功 
11.29.43	正常	设备1 CRC = 0x34eaf26a
11.29.43	错误	设备1 downImage复位失败!!
11.29.43	警告	设备1 程序下载失败 
11.29.58	正常	设备1 继续下载失败的bin文件！ 
11.30.11	正常	设备1 程序下载成功 
11.31.10	正常	设备1 CRC = 0x7955619b
11.31.23	正常	设备1 程序下载成功 
11.32.10	正常	设备1 CRC = 0xd07b21df
11.32.23	正常	设备1 程序下载成功 
11.33.25	正常	设备1 CRC = 0x9495dbeb
11.33.38	正常	设备1 程序下载成功 
14.50.33	正常	设备1 读出成功!!
14.54.15	正常	设备1 读出成功!!
14.58.32	正常	设备1 读出成功!!
15.16.36	正常	设备1 读出成功!!
15.17.31	正常	设备1 读出成功!!
15.19.39	正常	设备1 读出成功!!
15.27.58	错误	设备1 dump复位失败!!
15.27.58	错误	设备1 读出失败!!
15.28.32	正常	设备1 读出成功!!
15.33.10	正常	设备1 读出成功!!
21.30.09	正常	设备1 CRC = 0xe628a442
21.30.24	正常	设备1 程序下载成功 
21.31.28	正常	设备1 CRC = 0xf1d9e102
21.31.43	正常	设备1 程序下载成功 
21.32.29	正常	设备1 CRC = 0x797cb0ab
21.32.44	正常	设备1 程序下载成功 
21.36.34	正常	设备1 CRC = 0x0def7e8e
21.36.49	正常	设备1 程序下载成功 
21.37.18	正常	设备1 CRC = 0x2c64dd07
21.37.33	正常	设备1 程序下载成功 
21.38.19	正常	设备1 CRC = 0x17cc18f4
21.38.34	正常	设备1 程序下载成功 
21.41.16	正常	设备1 CRC = 0x73060e11
21.41.32	正常	设备1 程序下载成功 
21.42.11	正常	设备1 CRC = 0x409ba403
21.42.26	正常	设备1 程序下载成功 
21.51.13	正常	设备1 CRC = 0xc3f9b615
21.51.29	正常	设备1 程序下载成功 
21.54.40	正常	设备1 CRC = 0x69367766
21.54.56	正常	设备1 程序下载成功 
21.56.37	正常	设备1 CRC = 0xea8ea68d
21.56.52	正常	设备1 程序下载成功 
21.58.14	正常	设备1 CRC = 0x5bf6b706
21.58.29	正常	设备1 程序下载成功 
22.01.41	正常	设备1 CRC = 0xb8e8afe7
22.01.56	正常	设备1 程序下载成功 
22.27.29	正常	设备1 CRC = 0xf30b085f
22.27.45	正常	设备1 程序下载成功 
