10.08.12	正常	设备1 CRC = 0xac6d7296
10.08.12	错误	设备1 downImage复位失败!!
10.08.12	警告	设备1 程序下载失败 
10.08.24	正常	设备1 继续下载失败的bin文件！ 
10.08.37	正常	设备1 程序下载成功 
11.06.47	正常	设备1 CRC = 0xbea96d56
11.07.04	正常	设备1 程序下载成功 
11.23.07	正常	设备1 CRC = 0xd15264fd
11.23.20	正常	设备1 程序下载成功 
11.24.01	正常	设备1 CRC = 0xd15264fd
11.24.14	正常	设备1 程序下载成功 
11.32.11	正常	设备1 CRC = 0x5b786c0c
11.32.24	正常	设备1 程序下载成功 
14.26.55	正常	设备1 CRC = 0xd484629e
14.27.08	正常	设备1 程序下载成功 
14.32.06	正常	设备1 CRC = 0xd484629e
14.32.19	正常	设备1 程序下载成功 
14.32.24	正常	设备1 CRC = 0xd484629e
14.32.37	正常	设备1 程序下载成功 
15.23.06	正常	设备1 CRC = 0xaca57f7b
15.23.19	正常	设备1 程序下载成功 
15.26.19	正常	设备1 CRC = 0xa7346774
15.26.32	正常	设备1 程序下载成功 
15.54.24	正常	设备1 CRC = 0xea2bb9f0
15.54.37	正常	设备1 程序下载成功 
15.56.08	正常	设备1 CRC = 0xea2bb9f0
15.56.21	正常	设备1 程序下载成功 
15.57.48	正常	设备1 CRC = 0xea2bb9f0
15.58.01	正常	设备1 程序下载成功 
16.02.50	正常	设备1 CRC = 0xea2bb9f0
16.03.03	正常	设备1 程序下载成功 
16.19.26	正常	设备1 CRC = 0x742bc9d2
16.19.39	正常	设备1 程序下载成功 
16.20.50	正常	设备1 CRC = 0x742bc9d2
16.21.03	正常	设备1 程序下载成功 
16.26.15	正常	设备1 CRC = 0x742bc9d2
16.26.28	正常	设备1 程序下载成功 
16.35.11	正常	设备1 CRC = 0x742bc9d2
16.35.24	正常	设备1 程序下载成功 
16.38.52	正常	设备1 CRC = 0x742bc9d2
16.39.05	正常	设备1 程序下载成功 
17.26.02	正常	设备1 CRC = 0x742bc9d2
17.26.03	错误	设备1 downImage复位失败!!
17.26.03	警告	设备1 程序下载失败 
17.27.11	正常	设备1 继续下载失败的bin文件！ 
17.27.25	正常	设备1 程序下载成功 
17.28.30	正常	设备1 CRC = 0x742bc9d2
17.28.31	错误	设备1 downImage复位失败!!
17.28.31	警告	设备1 程序下载失败 
17.28.39	正常	设备1 继续下载失败的bin文件！ 
17.28.52	正常	设备1 程序下载成功 
21.15.58	正常	设备1 CRC = 0x810d8ed5
21.16.11	正常	设备1 程序下载成功 
21.24.21	正常	设备1 CRC = 0xab7fd859
21.24.34	正常	设备1 程序下载成功 
21.32.47	正常	设备1 CRC = 0x47754a62
21.33.00	正常	设备1 程序下载成功 
21.35.35	正常	设备1 CRC = 0x47754a62
21.35.35	错误	设备1 downImage复位失败!!
21.35.35	警告	设备1 程序下载失败 
21.35.48	正常	设备1 继续下载失败的bin文件！ 
21.36.01	正常	设备1 程序下载成功 
21.54.04	正常	设备1 CRC = 0x74ec7a7a
21.54.17	正常	设备1 程序下载成功 
22.00.59	正常	设备1 CRC = 0x74ec7a7a
22.01.12	正常	设备1 程序下载成功 
