15.41.29	正常	设备1 CRC = 0x58fdca6b
15.41.29	错误	设备1 downImage复位失败!!
15.41.29	警告	设备1 程序下载失败 
15.42.09	正常	设备1 继续下载失败的bin文件！ 
15.42.09	错误	设备1 downImage复位失败!!
15.42.09	警告	设备1 程序下载失败 
15.42.20	正常	设备1 继续下载失败的bin文件！ 
15.42.21	错误	设备1 downImage复位失败!!
15.42.21	警告	设备1 程序下载失败 
15.42.39	正常	设备1 继续下载失败的bin文件！ 
15.42.57	正常	设备1 程序下载成功 
15.45.51	正常	设备1 CRC = 0x58fdca6b
15.46.09	正常	设备1 程序下载成功 
15.52.10	正常	设备1 CRC = 0x58fdca6b
15.52.28	正常	设备1 程序下载成功 
15.54.20	正常	设备1 CRC = 0x58fdca6b
15.54.38	正常	设备1 程序下载成功 
15.55.01	正常	设备1 CRC = 0x58fdca6b
15.55.19	正常	设备1 程序下载成功 
15.55.31	正常	设备1 CRC = 0x58fdca6b
15.55.49	正常	设备1 程序下载成功 
15.56.01	正常	设备1 CRC = 0x58fdca6b
15.56.18	正常	设备1 程序下载成功 
15.56.30	正常	设备1 CRC = 0x58fdca6b
15.56.48	正常	设备1 程序下载成功 
15.57.01	正常	设备1 CRC = 0x58fdca6b
15.57.18	正常	设备1 程序下载成功 
